# JRE version: OpenJDK Runtime Environment (17.0.6) (build 17.0.6+0-b2043.56-10027231)
# Java VM: OpenJDK 64-Bit Server VM (17.0.6+0-b2043.56-10027231, mixed mode, tiered, compressed oops, compressed class ptrs, g1 gc, windows-amd64)
GC Precious Log:
 CPUs: 12 total, 12 available
 Memory: 16118M
 Large Page Support: Disabled
 NUMA Support: Disabled
 Compressed Oops: Enabled (32-bit)
 Heap Region Size: 1M
 Heap Min Capacity: 8M
 Heap Initial Capacity: 252M
 Heap Max Capacity: 2G
 Pre-touch: Disabled
 Parallel Workers: 10
 Concurrent Workers: 3
 Concurrent Refinement Workers: 10
 Periodic GC: Disabled
Heap:
 garbage-first heap   total 71680K, used 30016K [0x0000000080000000, 0x0000000100000000)
  region size 1024K, 17 young (17408K), 7 survivors (7168K)
 Metaspace       used 28608K, committed 28928K, reserved 1081344K
  class space    used 3853K, committed 4032K, reserved 1048576K
GC Heap History (8 events):
Event: 0.258 GC heap before
{Heap before GC invocations=0 (full 0):
 garbage-first heap   total 258048K, used 26624K [0x0000000080000000, 0x0000000100000000)
  region size 1024K, 23 young (23552K), 0 survivors (0K)
 Metaspace       used 10262K, committed 10432K, reserved 1064960K
  class space    used 1061K, committed 1152K, reserved 1048576K
}
Event: 0.260 GC heap after
{Heap after GC invocations=1 (full 0):
 garbage-first heap   total 258048K, used 10513K [0x0000000080000000, 0x0000000100000000)
  region size 1024K, 3 young (3072K), 3 survivors (3072K)
 Metaspace       used 10262K, committed 10432K, reserved 1064960K
  class space    used 1061K, committed 1152K, reserved 1048576K
}
Event: 0.399 GC heap before
{Heap before GC invocations=1 (full 0):
 garbage-first heap   total 258048K, used 41233K [0x0000000080000000, 0x0000000100000000)
  region size 1024K, 32 young (32768K), 3 survivors (3072K)
 Metaspace       used 11211K, committed 11456K, reserved 1064960K
  class space    used 1164K, committed 1280K, reserved 1048576K
}
Event: 0.401 GC heap after
{Heap after GC invocations=2 (full 0):
 garbage-first heap   total 258048K, used 14621K [0x0000000080000000, 0x0000000100000000)
  region size 1024K, 4 young (4096K), 4 survivors (4096K)
 Metaspace       used 11211K, committed 11456K, reserved 1064960K
  class space    used 1164K, committed 1280K, reserved 1048576K
}
Event: 0.761 GC heap before
{Heap before GC invocations=2 (full 0):
 garbage-first heap   total 258048K, used 51485K [0x0000000080000000, 0x0000000100000000)
  region size 1024K, 41 young (41984K), 4 survivors (4096K)
 Metaspace       used 21305K, committed 21504K, reserved 1073152K
  class space    used 2571K, committed 2688K, reserved 1048576K
}
Event: 0.763 GC heap after
{Heap after GC invocations=3 (full 0):
 garbage-first heap   total 258048K, used 19053K [0x0000000080000000, 0x0000000100000000)
  region size 1024K, 9 young (9216K), 9 survivors (9216K)
 Metaspace       used 21305K, committed 21504K, reserved 1073152K
  class space    used 2571K, committed 2688K, reserved 1048576K
}
Event: 1.008 GC heap before
{Heap before GC invocations=4 (full 0):
 garbage-first heap   total 71680K, used 54893K [0x0000000080000000, 0x0000000100000000)
  region size 1024K, 45 young (46080K), 9 survivors (9216K)
 Metaspace       used 26984K, committed 27264K, reserved 1073152K
  class space    used 3564K, committed 3712K, reserved 1048576K
}
Event: 1.011 GC heap after
{Heap after GC invocations=5 (full 0):
 garbage-first heap   total 71680K, used 20800K [0x0000000080000000, 0x0000000100000000)
  region size 1024K, 7 young (7168K), 7 survivors (7168K)
 Metaspace       used 26984K, committed 27264K, reserved 1073152K
  class space    used 3564K, committed 3712K, reserved 1048576K
}

